# JRE version: OpenJDK Runtime Environment Temurin-21.0.9+10 (21.0.9+10) (build 21.0.9+10-LTS)
# Java VM: OpenJDK 64-Bit Server VM Temurin-21.0.9+10 (21.0.9+10-LTS, mixed mode, sharing, tiered, compressed oops, compressed class ptrs, parallel gc, windows-amd64)
GC Precious Log:
 CardTable entry size: 512
 CPUs: 16 total, 16 available
 Memory: 16163M
 Large Page Support: Disabled
 NUMA Support: Disabled
 Compressed Oops: Enabled (32-bit)
 Alignments: Space 512K, Generation 512K, Heap 2M
 Heap Min Capacity: 100M
 Heap Initial Capacity: 100M
 Heap Max Capacity: 2G
 Pre-touch: Disabled
 Parallel Workers: 13
Heap:
 PSYoungGen      total 4096K, used 3674K [0x00000000d5580000, 0x00000000d5b00000, 0x0000000100000000)
  eden space 3072K, 100% used [0x00000000d5580000,0x00000000d5880000,0x00000000d5880000)
  from space 1024K, 58% used [0x00000000d5900000,0x00000000d5996af0,0x00000000d5a00000)
  to   space 1024K, 0% used [0x00000000d5a00000,0x00000000d5a00000,0x00000000d5b00000)
 ParOldGen       total 445952K, used 339720K [0x0000000080000000, 0x000000009b380000, 0x00000000d5580000)
  object space 445952K, 76% used [0x0000000080000000,0x0000000094bc2320,0x000000009b380000)
 Metaspace       used 66277K, committed 67712K, reserved 1114112K
  class space    used 7076K, committed 7616K, reserved 1048576K
GC Heap History (20 events):
Event: 20.883 GC heap after
{Heap after GC invocations=346 (full 3):
 PSYoungGen      total 3584K, used 498K [0x00000000d5580000, 0x00000000d5c80000, 0x0000000100000000)
  eden space 3072K, 0% used [0x00000000d5580000,0x00000000d5580000,0x00000000d5880000)
  from space 512K, 97% used [0x00000000d5b80000,0x00000000d5bfc818,0x00000000d5c00000)
  to   space 512K, 0% used [0x00000000d5c00000,0x00000000d5c00000,0x00000000d5c80000)
 ParOldGen       total 445952K, used 326221K [0x0000000080000000, 0x000000009b380000, 0x00000000d5580000)
  object space 445952K, 73% used [0x0000000080000000,0x0000000093e935f0,0x000000009b380000)
 Metaspace       used 64678K, committed 66048K, reserved 1114112K
  class space    used 6927K, committed 7488K, reserved 1048576K
}
Event: 20.926 GC heap before
{Heap before GC invocations=347 (full 3):
 PSYoungGen      total 3584K, used 3570K [0x00000000d5580000, 0x00000000d5c80000, 0x0000000100000000)
  eden space 3072K, 100% used [0x00000000d5580000,0x00000000d5880000,0x00000000d5880000)
  from space 512K, 97% used [0x00000000d5b80000,0x00000000d5bfc818,0x00000000d5c00000)
  to   space 512K, 0% used [0x00000000d5c00000,0x00000000d5c00000,0x00000000d5c80000)
 ParOldGen       total 445952K, used 326221K [0x0000000080000000, 0x000000009b380000, 0x00000000d5580000)
  object space 445952K, 73% used [0x0000000080000000,0x0000000093e935f0,0x000000009b380000)
 Metaspace       used 64886K, committed 66240K, reserved 1114112K
  class space    used 6952K, committed 7488K, reserved 1048576K
}
Event: 20.929 GC heap after
{Heap after GC invocations=347 (full 3):
 PSYoungGen      total 3584K, used 512K [0x00000000d5580000, 0x00000000d5c80000, 0x0000000100000000)
  eden space 3072K, 0% used [0x00000000d5580000,0x00000000d5580000,0x00000000d5880000)
  from space 512K, 100% used [0x00000000d5c00000,0x00000000d5c80000,0x00000000d5c80000)
  to   space 1536K, 0% used [0x00000000d5980000,0x00000000d5980000,0x00000000d5b00000)
 ParOldGen       total 445952K, used 326877K [0x0000000080000000, 0x000000009b380000, 0x00000000d5580000)
  object space 445952K, 73% used [0x0000000080000000,0x0000000093f37620,0x000000009b380000)
 Metaspace       used 64886K, committed 66240K, reserved 1114112K
  class space    used 6952K, committed 7488K, reserved 1048576K
}
Event: 22.007 GC heap before
{Heap before GC invocations=348 (full 3):
 PSYoungGen      total 3584K, used 3584K [0x00000000d5580000, 0x00000000d5c80000, 0x0000000100000000)
  eden space 3072K, 100% used [0x00000000d5580000,0x00000000d5880000,0x00000000d5880000)
  from space 512K, 100% used [0x00000000d5c00000,0x00000000d5c80000,0x00000000d5c80000)
  to   space 1536K, 0% used [0x00000000d5980000,0x00000000d5980000,0x00000000d5b00000)
 ParOldGen       total 445952K, used 326877K [0x0000000080000000, 0x000000009b380000, 0x00000000d5580000)
  object space 445952K, 73% used [0x0000000080000000,0x0000000093f37620,0x000000009b380000)
 Metaspace       used 65024K, committed 66432K, reserved 1114112K
  class space    used 6967K, committed 7552K, reserved 1048576K
}
Event: 22.008 GC heap after
{Heap after GC invocations=348 (full 3):
 PSYoungGen      total 4608K, used 1056K [0x00000000d5580000, 0x00000000d5c80000, 0x0000000100000000)
  eden space 3072K, 0% used [0x00000000d5580000,0x00000000d5580000,0x00000000d5880000)
  from space 1536K, 68% used [0x00000000d5980000,0x00000000d5a88020,0x00000000d5b00000)
  to   space 1536K, 0% used [0x00000000d5b00000,0x00000000d5b00000,0x00000000d5c80000)
 ParOldGen       total 445952K, used 327373K [0x0000000080000000, 0x000000009b380000, 0x00000000d5580000)
  object space 445952K, 73% used [0x0000000080000000,0x0000000093fb3630,0x000000009b380000)
 Metaspace       used 65024K, committed 66432K, reserved 1114112K
  class space    used 6967K, committed 7552K, reserved 1048576K
}
Event: 23.056 GC heap before
{Heap before GC invocations=349 (full 3):
 PSYoungGen      total 4608K, used 4128K [0x00000000d5580000, 0x00000000d5c80000, 0x0000000100000000)
  eden space 3072K, 100% used [0x00000000d5580000,0x00000000d5880000,0x00000000d5880000)
  from space 1536K, 68% used [0x00000000d5980000,0x00000000d5a88020,0x00000000d5b00000)
  to   space 1536K, 0% used [0x00000000d5b00000,0x00000000d5b00000,0x00000000d5c80000)
 ParOldGen       total 445952K, used 327373K [0x0000000080000000, 0x000000009b380000, 0x00000000d5580000)
  object space 445952K, 73% used [0x0000000080000000,0x0000000093fb3630,0x000000009b380000)
 Metaspace       used 65251K, committed 66624K, reserved 1114112K
  class space    used 6982K, committed 7552K, reserved 1048576K
}
Event: 23.057 GC heap after
{Heap after GC invocations=349 (full 3):
 PSYoungGen      total 4096K, used 928K [0x00000000d5580000, 0x00000000d5c00000, 0x0000000100000000)
  eden space 3072K, 0% used [0x00000000d5580000,0x00000000d5580000,0x00000000d5880000)
  from space 1024K, 90% used [0x00000000d5b00000,0x00000000d5be8020,0x00000000d5c00000)
  to   space 1024K, 0% used [0x00000000d5a00000,0x00000000d5a00000,0x00000000d5b00000)
 ParOldGen       total 445952K, used 328133K [0x0000000080000000, 0x000000009b380000, 0x00000000d5580000)
  object space 445952K, 73% used [0x0000000080000000,0x00000000940716e0,0x000000009b380000)
 Metaspace       used 65251K, committed 66624K, reserved 1114112K
  class space    used 6982K, committed 7552K, reserved 1048576K
}
Event: 23.076 GC heap before
{Heap before GC invocations=350 (full 3):
 PSYoungGen      total 4096K, used 4000K [0x00000000d5580000, 0x00000000d5c00000, 0x0000000100000000)
  eden space 3072K, 99% used [0x00000000d5580000,0x00000000d587ffe0,0x00000000d5880000)
  from space 1024K, 90% used [0x00000000d5b00000,0x00000000d5be8020,0x00000000d5c00000)
  to   space 1024K, 0% used [0x00000000d5a00000,0x00000000d5a00000,0x00000000d5b00000)
 ParOldGen       total 445952K, used 328133K [0x0000000080000000, 0x000000009b380000, 0x00000000d5580000)
  object space 445952K, 73% used [0x0000000080000000,0x00000000940716e0,0x000000009b380000)
 Metaspace       used 65270K, committed 66624K, reserved 1114112K
  class space    used 6984K, committed 7552K, reserved 1048576K
}
Event: 23.078 GC heap after
{Heap after GC invocations=350 (full 3):
 PSYoungGen      total 4096K, used 937K [0x00000000d5580000, 0x00000000d5b80000, 0x0000000100000000)
  eden space 3072K, 0% used [0x00000000d5580000,0x00000000d5580000,0x00000000d5880000)
  from space 1024K, 91% used [0x00000000d5a00000,0x00000000d5aea588,0x00000000d5b00000)
  to   space 512K, 0% used [0x00000000d5b00000,0x00000000d5b00000,0x00000000d5b80000)
 ParOldGen       total 445952K, used 330255K [0x0000000080000000, 0x000000009b380000, 0x00000000d5580000)
  object space 445952K, 74% used [0x0000000080000000,0x0000000094283d40,0x000000009b380000)
 Metaspace       used 65270K, committed 66624K, reserved 1114112K
  class space    used 6984K, committed 7552K, reserved 1048576K
}
Event: 23.098 GC heap before
{Heap before GC invocations=351 (full 3):
 PSYoungGen      total 4096K, used 4009K [0x00000000d5580000, 0x00000000d5b80000, 0x0000000100000000)
  eden space 3072K, 100% used [0x00000000d5580000,0x00000000d5880000,0x00000000d5880000)
  from space 1024K, 91% used [0x00000000d5a00000,0x00000000d5aea588,0x00000000d5b00000)
  to   space 512K, 0% used [0x00000000d5b00000,0x00000000d5b00000,0x00000000d5b80000)
 ParOldGen       total 445952K, used 330255K [0x0000000080000000, 0x000000009b380000, 0x00000000d5580000)
  object space 445952K, 74% used [0x0000000080000000,0x0000000094283d40,0x000000009b380000)
 Metaspace       used 65398K, committed 66752K, reserved 1114112K
  class space    used 6994K, committed 7552K, reserved 1048576K
}
Event: 23.099 GC heap after
{Heap after GC invocations=351 (full 3):
 PSYoungGen      total 3584K, used 480K [0x00000000d5580000, 0x00000000d5b80000, 0x0000000100000000)
  eden space 3072K, 0% used [0x00000000d5580000,0x00000000d5580000,0x00000000d5880000)
  from space 512K, 93% used [0x00000000d5b00000,0x00000000d5b78010,0x00000000d5b80000)
  to   space 1536K, 0% used [0x00000000d5880000,0x00000000d5880000,0x00000000d5a00000)
 ParOldGen       total 445952K, used 331036K [0x0000000080000000, 0x000000009b380000, 0x00000000d5580000)
  object space 445952K, 74% used [0x0000000080000000,0x00000000943471f0,0x000000009b380000)
 Metaspace       used 65398K, committed 66752K, reserved 1114112K
  class space    used 6994K, committed 7552K, reserved 1048576K
}
Event: 23.108 GC heap before
{Heap before GC invocations=352 (full 3):
 PSYoungGen      total 3584K, used 3552K [0x00000000d5580000, 0x00000000d5b80000, 0x0000000100000000)
  eden space 3072K, 99% used [0x00000000d5580000,0x00000000d587fff8,0x00000000d5880000)
  from space 512K, 93% used [0x00000000d5b00000,0x00000000d5b78010,0x00000000d5b80000)
  to   space 1536K, 0% used [0x00000000d5880000,0x00000000d5880000,0x00000000d5a00000)
 ParOldGen       total 445952K, used 331036K [0x0000000080000000, 0x000000009b380000, 0x00000000d5580000)
  object space 445952K, 74% used [0x0000000080000000,0x00000000943471f0,0x000000009b380000)
 Metaspace       used 65472K, committed 66880K, reserved 1114112K
  class space    used 7003K, committed 7552K, reserved 1048576K
}
Event: 23.111 GC heap after
{Heap after GC invocations=352 (full 3):
 PSYoungGen      total 4608K, used 630K [0x00000000d5580000, 0x00000000d5b80000, 0x0000000100000000)
  eden space 3072K, 0% used [0x00000000d5580000,0x00000000d5580000,0x00000000d5880000)
  from space 1536K, 41% used [0x00000000d5880000,0x00000000d591db60,0x00000000d5a00000)
  to   space 1024K, 0% used [0x00000000d5a80000,0x00000000d5a80000,0x00000000d5b80000)
 ParOldGen       total 445952K, used 331438K [0x0000000080000000, 0x000000009b380000, 0x00000000d5580000)
  object space 445952K, 74% used [0x0000000080000000,0x00000000943ab9e8,0x000000009b380000)
 Metaspace       used 65472K, committed 66880K, reserved 1114112K
  class space    used 7003K, committed 7552K, reserved 1048576K
}
Event: 23.136 GC heap before
{Heap before GC invocations=353 (full 3):
 PSYoungGen      total 4608K, used 3702K [0x00000000d5580000, 0x00000000d5b80000, 0x0000000100000000)
  eden space 3072K, 100% used [0x00000000d5580000,0x00000000d5880000,0x00000000d5880000)
  from space 1536K, 41% used [0x00000000d5880000,0x00000000d591db60,0x00000000d5a00000)
  to   space 1024K, 0% used [0x00000000d5a80000,0x00000000d5a80000,0x00000000d5b80000)
 ParOldGen       total 445952K, used 331438K [0x0000000080000000, 0x000000009b380000, 0x00000000d5580000)
  object space 445952K, 74% used [0x0000000080000000,0x00000000943ab9e8,0x000000009b380000)
 Metaspace       used 65718K, committed 67200K, reserved 1114112K
  class space    used 7031K, committed 7616K, reserved 1048576K
}
Event: 23.138 GC heap after
{Heap after GC invocations=353 (full 3):
 PSYoungGen      total 4096K, used 640K [0x00000000d5580000, 0x00000000d5b80000, 0x0000000100000000)
  eden space 3072K, 0% used [0x00000000d5580000,0x00000000d5580000,0x00000000d5880000)
  from space 1024K, 62% used [0x00000000d5a80000,0x00000000d5b20020,0x00000000d5b80000)
  to   space 1024K, 0% used [0x00000000d5980000,0x00000000d5980000,0x00000000d5a80000)
 ParOldGen       total 445952K, used 331765K [0x0000000080000000, 0x000000009b380000, 0x00000000d5580000)
  object space 445952K, 74% used [0x0000000080000000,0x00000000943fd548,0x000000009b380000)
 Metaspace       used 65718K, committed 67200K, reserved 1114112K
  class space    used 7031K, committed 7616K, reserved 1048576K
}
Event: 23.152 GC heap before
{Heap before GC invocations=354 (full 3):
 PSYoungGen      total 4096K, used 3278K [0x00000000d5580000, 0x00000000d5b80000, 0x0000000100000000)
  eden space 3072K, 85% used [0x00000000d5580000,0x00000000d5813b48,0x00000000d5880000)
  from space 1024K, 62% used [0x00000000d5a80000,0x00000000d5b20020,0x00000000d5b80000)
  to   space 1024K, 0% used [0x00000000d5980000,0x00000000d5980000,0x00000000d5a80000)
 ParOldGen       total 445952K, used 331765K [0x0000000080000000, 0x000000009b380000, 0x00000000d5580000)
  object space 445952K, 74% used [0x0000000080000000,0x00000000943fd548,0x000000009b380000)
 Metaspace       used 65769K, committed 67200K, reserved 1114112K
  class space    used 7042K, committed 7616K, reserved 1048576K
}
Event: 23.154 GC heap after
{Heap after GC invocations=354 (full 3):
 PSYoungGen      total 4096K, used 624K [0x00000000d5580000, 0x00000000d5b00000, 0x0000000100000000)
  eden space 3072K, 0% used [0x00000000d5580000,0x00000000d5580000,0x00000000d5880000)
  from space 1024K, 60% used [0x00000000d5980000,0x00000000d5a1c010,0x00000000d5a80000)
  to   space 512K, 0% used [0x00000000d5a80000,0x00000000d5a80000,0x00000000d5b00000)
 ParOldGen       total 445952K, used 333444K [0x0000000080000000, 0x000000009b380000, 0x00000000d5580000)
  object space 445952K, 74% used [0x0000000080000000,0x00000000945a12b0,0x000000009b380000)
 Metaspace       used 65769K, committed 67200K, reserved 1114112K
  class space    used 7042K, committed 7616K, reserved 1048576K
}
Event: 23.157 GC heap before
{Heap before GC invocations=355 (full 3):
 PSYoungGen      total 4096K, used 3685K [0x00000000d5580000, 0x00000000d5b00000, 0x0000000100000000)
  eden space 3072K, 99% used [0x00000000d5580000,0x00000000d587d750,0x00000000d5880000)
  from space 1024K, 60% used [0x00000000d5980000,0x00000000d5a1c010,0x00000000d5a80000)
  to   space 512K, 0% used [0x00000000d5a80000,0x00000000d5a80000,0x00000000d5b00000)
 ParOldGen       total 445952K, used 333444K [0x0000000080000000, 0x000000009b380000, 0x00000000d5580000)
  object space 445952K, 74% used [0x0000000080000000,0x00000000945a12b0,0x000000009b380000)
 Metaspace       used 65782K, committed 67264K, reserved 1114112K
  class space    used 7047K, committed 7616K, reserved 1048576K
}
Event: 23.158 GC heap after
{Heap after GC invocations=355 (full 3):
 PSYoungGen      total 3584K, used 455K [0x00000000d5580000, 0x00000000d5b00000, 0x0000000100000000)
  eden space 3072K, 0% used [0x00000000d5580000,0x00000000d5580000,0x00000000d5880000)
  from space 512K, 88% used [0x00000000d5a80000,0x00000000d5af1e90,0x00000000d5b00000)
  to   space 1024K, 0% used [0x00000000d5900000,0x00000000d5900000,0x00000000d5a00000)
 ParOldGen       total 445952K, used 335108K [0x0000000080000000, 0x000000009b380000, 0x00000000d5580000)
  object space 445952K, 75% used [0x0000000080000000,0x0000000094741040,0x000000009b380000)
 Metaspace       used 65782K, committed 67264K, reserved 1114112K
  class space    used 7047K, committed 7616K, reserved 1048576K
}
Event: 23.186 GC heap before
{Heap before GC invocations=356 (full 3):
 PSYoungGen      total 3584K, used 3507K [0x00000000d5580000, 0x00000000d5b00000, 0x0000000100000000)
  eden space 3072K, 99% used [0x00000000d5580000,0x00000000d587adc0,0x00000000d5880000)
  from space 512K, 88% used [0x00000000d5a80000,0x00000000d5af1e90,0x00000000d5b00000)
  to   space 1024K, 0% used [0x00000000d5900000,0x00000000d5900000,0x00000000d5a00000)
 ParOldGen       total 445952K, used 335172K [0x0000000080000000, 0x000000009b380000, 0x00000000d5580000)
  object space 445952K, 75% used [0x0000000080000000,0x0000000094751050,0x000000009b380000)
 Metaspace       used 66023K, committed 67456K, reserved 1114112K
  class space    used 7059K, committed 7616K, reserved 1048576K
}

